<?xml version="1.0" encoding="UTF-8"?>
<!-- Generated by org.testng.reporters.JUnitReportReporter -->
<testsuite hostname="T14s" failures="0" tests="1" name="src.test.authen.Login" time="0.005" errors="0" timestamp="2024-03-02T11:31:51 ICT" skipped="0">
  <testcase classname="src.test.authen.Login" name="test" time="0.005"/>
</testsuite> <!-- src.test.authen.Login -->
