<?xml version="1.0" encoding="UTF-8"?>
<!-- Generated by org.testng.reporters.JUnitReportReporter -->
<testsuite hostname="T14s" failures="0" tests="2" name="src.test.authen.login2" time="0.010" errors="0" timestamp="2024-03-02T11:31:51 ICT" skipped="0">
  <testcase classname="src.test.authen.login2" name="test2" time="0.005"/>
  <testcase classname="src.test.authen.login2" name="testPara" time="0.005"/>
</testsuite> <!-- src.test.authen.login2 -->
